Unity Editor version:    2020.3.30f1 (1fb1bf06830e)
Branch:                  2020.3/staging
Build type:              Release
Batch mode:              YES
System name:             Linux
Distro version:          #83-Ubuntu SMP Sat May 8 02:35:39 UTC 2021
Kernel version:          5.4.0-74-generic
Architecture:            x86_64
Available memory:        3845 MB
Using pre-set license
Pro License: NO
Desktop is 1366 x 768 @ 60 Hz

COMMAND LINE ARGUMENTS:
Unity
-adb2
-batchMode
-noUpm
-name
AssetImportWorker2
-projectPath
/home/abualmun/shigoto/ctrl-a/HideAndSeek-master
-logFile
Logs/AssetImportWorker2.log
-srvPort
41065
Successfully changed project path to: /home/abualmun/shigoto/ctrl-a/HideAndSeek-master
/home/abualmun/shigoto/ctrl-a/HideAndSeek-master
Using Asset Import Pipeline V2.
Refreshing native plugins compatible for Editor in 249.79 ms, found 0 plugins.
Preloading 0 native plugins for Editor in 0.00 ms.
Initialize engine version: 2020.3.30f1 (1fb1bf06830e)
[Subsystems] Discovering subsystems at path /home/abualmun/Unity/Hub/Editor/2020.3.30f1/Editor/Data/Resources/UnitySubsystems
[Subsystems] Discovering subsystems at path /home/abualmun/shigoto/ctrl-a/HideAndSeek-master/Assets
GLX Extensions: GLX_ARB_create_context GLX_ARB_create_context_no_error GLX_ARB_create_context_profile GLX_ARB_create_context_robustness GLX_ARB_fbconfig_float GLX_ARB_framebuffer_sRGB GLX_ARB_get_proc_address GLX_ARB_multisample GLX_EXT_buffer_age GLX_EXT_create_context_es2_profile GLX_EXT_create_context_es_profile GLX_EXT_fbconfig_packed_float GLX_EXT_framebuffer_sRGB GLX_EXT_import_context GLX_EXT_texture_from_pixmap GLX_EXT_visual_info GLX_EXT_visual_rating GLX_INTEL_swap_event GLX_MESA_copy_sub_buffer GLX_MESA_query_renderer GLX_MESA_swap_control GLX_OML_swap_method GLX_OML_sync_control GLX_SGIS_multisample GLX_SGIX_fbconfig GLX_SGIX_pbuffer GLX_SGIX_visual_select_group GLX_SGI_make_current_read GLX_SGI_swap_control GLX_SGI_video_sync 
Renderer: Mesa Intel(R) HD Graphics 5500 (BDW GT2)
Vendor:   Intel
Version:  4.6 (Core Profile) Mesa 20.2.6
GLES:     0
 GL_3DFX_texture_compression_FXT1 GL_AMD_conservative_depth GL_AMD_draw_buffers_blend GL_AMD_gpu_shader_int64 GL_AMD_multi_draw_indirect GL_AMD_performance_monitor GL_AMD_pinned_memory GL_AMD_query_buffer_object GL_AMD_seamless_cubemap_per_texture GL_AMD_shader_trinary_minmax GL_AMD_texture_texture4 GL_AMD_vertex_shader_layer GL_AMD_vertex_shader_viewport_index GL_ANGLE_texture_compression_dxt3 GL_ANGLE_texture_compression_dxt5 GL_ARB_ES2_compatibility GL_ARB_ES3_1_compatibility GL_ARB_ES3_2_compatibility GL_ARB_ES3_compatibility GL_ARB_arrays_of_arrays GL_ARB_base_instance GL_ARB_blend_func_extended GL_ARB_buffer_storage GL_ARB_clear_buffer_object GL_ARB_clear_texture GL_ARB_clip_control GL_ARB_compressed_texture_pixel_storage GL_ARB_compute_shader GL_ARB_compute_variable_group_size GL_ARB_conditional_render_inverted GL_ARB_conservative_depth GL_ARB_copy_buffer GL_ARB_copy_image GL_ARB_cull_distance GL_ARB_debug_output GL_ARB_depth_buffer_float GL_ARB_depth_clamp GL_ARB_derivative_control GL_ARB_direct_stat
e_access GL_ARB_draw_buffers GL_ARB_draw_buffers_blend GL_ARB_draw_elements_base_vertex GL_ARB_draw_indirect GL_ARB_draw_instanced GL_ARB_enhanced_layouts GL_ARB_explicit_attrib_location GL_ARB_explicit_uniform_location GL_ARB_fragment_coord_conventions GL_ARB_fragment_layer_viewport GL_ARB_fragment_shader GL_ARB_framebuffer_no_attachments GL_ARB_framebuffer_object GL_ARB_framebuffer_sRGB GL_ARB_get_program_binary GL_ARB_get_texture_sub_image GL_ARB_gl_spirv GL_ARB_gpu_shader5 GL_ARB_gpu_shader_fp64 GL_ARB_gpu_shader_int64 GL_ARB_half_float_pixel GL_ARB_half_float_vertex GL_ARB_indirect_parameters GL_ARB_instanced_arrays GL_ARB_internalformat_query GL_ARB_internalformat_query2 GL_ARB_invalidate_subdata GL_ARB_map_buffer_alignment GL_ARB_map_buffer_range GL_ARB_multi_bind GL_ARB_multi_draw_indirect GL_ARB_occlusion_query2 GL_ARB_parallel_shader_compile GL_ARB_pipeline_statistics_query GL_ARB_pixel_buffer_object GL_ARB_point_sprite GL_ARB_polygon_offset_clamp GL_ARB_program_interface_query GL_ARB_provoking_ver
tex GL_ARB_query_buffer_object GL_ARB_robust_buffer_access_behavior GL_ARB_robustness GL_ARB_sample_shading GL_ARB_sampler_objects GL_ARB_seamless_cube_map GL_ARB_seamless_cubemap_per_texture GL_ARB_separate_shader_objects GL_ARB_shader_atomic_counter_ops GL_ARB_shader_atomic_counters GL_ARB_shader_ballot GL_ARB_shader_bit_encoding GL_ARB_shader_clock GL_ARB_shader_draw_parameters GL_ARB_shader_group_vote GL_ARB_shader_image_load_store GL_ARB_shader_image_size GL_ARB_shader_objects GL_ARB_shader_precision GL_ARB_shader_storage_buffer_object GL_ARB_shader_subroutine GL_ARB_shader_texture_image_samples GL_ARB_shader_texture_lod GL_ARB_shader_viewport_layer_array GL_ARB_shading_language_420pack GL_ARB_shading_language_include GL_ARB_shading_language_packing GL_ARB_spirv_extensions GL_ARB_stencil_texturing GL_ARB_sync GL_ARB_tessellation_shader GL_ARB_texture_barrier GL_ARB_texture_buffer_object GL_ARB_texture_buffer_object_rgb32 GL_ARB_texture_buffer_range GL_ARB_texture_compression_bptc GL_ARB_texture_compress
ion_rgtc GL_ARB_texture_cube_map_array GL_ARB_texture_filter_anisotropic GL_ARB_texture_float GL_ARB_texture_gather GL_ARB_texture_mirror_clamp_to_edge GL_ARB_texture_multisample GL_ARB_texture_non_power_of_two GL_ARB_texture_query_levels GL_ARB_texture_query_lod GL_ARB_texture_rectangle GL_ARB_texture_rg GL_ARB_texture_rgb10_a2ui GL_ARB_texture_stencil8 GL_ARB_texture_storage GL_ARB_texture_storage_multisample GL_ARB_texture_swizzle GL_ARB_texture_view GL_ARB_timer_query GL_ARB_transform_feedback2 GL_ARB_transform_feedback3 GL_ARB_transform_feedback_instanced GL_ARB_transform_feedback_overflow_query GL_ARB_uniform_buffer_object GL_ARB_vertex_array_bgra GL_ARB_vertex_array_object GL_ARB_vertex_attrib_64bit GL_ARB_vertex_attrib_binding GL_ARB_vertex_buffer_object GL_ARB_vertex_shader GL_ARB_vertex_type_10f_11f_11f_rev GL_ARB_vertex_type_2_10_10_10_rev GL_ARB_viewport_array GL_ATI_blend_equation_separate GL_ATI_texture_float GL_EXT_EGL_image_storage GL_EXT_EGL_sync GL_EXT_abgr GL_EXT_blend_equation_separate GL
_EXT_demote_to_helper_invocation GL_EXT_draw_buffers2 GL_EXT_draw_instanced GL_EXT_framebuffer_blit GL_EXT_framebuffer_multisample GL_EXT_framebuffer_multisample_blit_scaled GL_EXT_framebuffer_object GL_EXT_framebuffer_sRGB GL_EXT_packed_depth_stencil GL_EXT_packed_float GL_EXT_pixel_buffer_object GL_EXT_polygon_offset_clamp GL_EXT_provoking_vertex GL_EXT_shader_framebuffer_fetch_non_coherent GL_EXT_shader_integer_mix GL_EXT_shader_samples_identical GL_EXT_texture_array GL_EXT_texture_compression_dxt1 GL_EXT_texture_compression_rgtc GL_EXT_texture_compression_s3tc GL_EXT_texture_filter_anisotropic GL_EXT_texture_integer GL_EXT_texture_sRGB GL_EXT_texture_sRGB_R8 GL_EXT_texture_sRGB_decode GL_EXT_texture_shadow_lod GL_EXT_texture_shared_exponent GL_EXT_texture_snorm GL_EXT_texture_swizzle GL_EXT_timer_query GL_EXT_transform_feedback GL_EXT_vertex_array_bgra GL_EXT_vertex_attrib_64bit GL_IBM_multimode_draw_arrays GL_INTEL_blackhole_render GL_INTEL_performance_query GL_INTEL_shader_integer_functions2 GL_KHR_ble
nd_equation_advanced GL_KHR_context_flush_control GL_KHR_debug GL_KHR_no_error GL_KHR_parallel_shader_compile GL_KHR_robust_buffer_access_behavior GL_KHR_robustness GL_KHR_texture_compression_astc_ldr GL_KHR_texture_compression_astc_sliced_3d GL_MESA_framebuffer_flip_y GL_MESA_pack_invert GL_MESA_shader_integer_functions GL_MESA_texture_signed_rgba GL_NV_compute_shader_derivatives GL_NV_conditional_render GL_NV_copy_image GL_NV_depth_clamp GL_NV_packed_depth_stencil GL_NV_texture_barrier GL_OES_EGL_image GL_S3_s3tc
OPENGL LOG: Creating OpenGL 4.6 graphics device ; Context level  <OpenGL 4.5> ; Context handle -826527424
Initialize mono
Mono path[0] = '/home/abualmun/Unity/Hub/Editor/2020.3.30f1/Editor/Data/Managed'
Mono path[1] = '/home/abualmun/Unity/Hub/Editor/2020.3.30f1/Editor/Data/MonoBleedingEdge/lib/mono/unityjit'
Mono config path = '/home/abualmun/Unity/Hub/Editor/2020.3.30f1/Editor/Data/MonoBleedingEdge/etc'
Using monoOptions --debugger-agent=transport=dt_socket,embedding=1,server=y,suspend=n,address=127.0.0.1:56810
Begin MonoManager ReloadAssembly
Registering precompiled unity dll's ...
Register platform support module: /home/abualmun/Unity/Hub/Editor/2020.3.30f1/Editor/Data/PlaybackEngines/WindowsStandaloneSupport/UnityEditor.WindowsStandalone.Extensions.dll
Register platform support module: /home/abualmun/Unity/Hub/Editor/2020.3.30f1/Editor/Data/PlaybackEngines/LinuxStandaloneSupport/UnityEditor.LinuxStandalone.Extensions.dll
Registered in 0.006158 seconds.
Native extension for LinuxStandalone target not found
Native extension for WindowsStandalone target not found
Refreshing native plugins compatible for Editor in 209.87 ms, found 0 plugins.
Preloading 0 native plugins for Editor in 0.00 ms.
Mono: successfully reloaded assembly
- Completed reload, in  1.694 seconds
Domain Reload Profiling:
	ReloadAssembly (1695ms)
		BeginReloadAssembly (163ms)
			ExecutionOrderSort (0ms)
			DisableScriptedObjects (0ms)
			BackupInstance (0ms)
			ReleaseScriptingObjects (0ms)
			CreateAndSetChildDomain (2ms)
		EndReloadAssembly (1304ms)
			LoadAssemblies (160ms)
			RebuildTransferFunctionScriptingTraits (0ms)
			SetupTypeCache (316ms)
			ReleaseScriptCaches (0ms)
			RebuildScriptCaches (62ms)
			SetupLoadedEditorAssemblies (724ms)
				LogAssemblyErrors (0ms)
				InitializePlatformSupportModulesInManaged (10ms)
				SetLoadedEditorAssemblies (0ms)
				RefreshPlugins (210ms)
				BeforeProcessingInitializeOnLoad (26ms)
				ProcessInitializeOnLoadAttributes (410ms)
				ProcessInitializeOnLoadMethodAttributes (67ms)
				AfterProcessingInitializeOnLoad (0ms)
				EditorAssembliesLoaded (0ms)
			ExecutionOrderSort2 (0ms)
			AwakeInstancesAfterBackupRestoration (0ms)
Platform modules already initialized, skipping
Registering precompiled user dll's ...
Registered in 0.006579 seconds.
Begin MonoManager ReloadAssembly
Native extension for LinuxStandalone target not found
Native extension for WindowsStandalone target not found
Refreshing native plugins compatible for Editor in 226.74 ms, found 0 plugins.
Preloading 0 native plugins for Editor in 0.00 ms.
Mono: successfully reloaded assembly
- Completed reload, in  7.110 seconds
Domain Reload Profiling:
	ReloadAssembly (7138ms)
		BeginReloadAssembly (392ms)
			ExecutionOrderSort (0ms)
			DisableScriptedObjects (9ms)
			BackupInstance (0ms)
			ReleaseScriptingObjects (0ms)
			CreateAndSetChildDomain (63ms)
		EndReloadAssembly (6640ms)
			LoadAssemblies (232ms)
			RebuildTransferFunctionScriptingTraits (0ms)
			SetupTypeCache (825ms)
			ReleaseScriptCaches (1ms)
			RebuildScriptCaches (207ms)
			SetupLoadedEditorAssemblies (5148ms)
				LogAssemblyErrors (0ms)
				InitializePlatformSupportModulesInManaged (8ms)
				SetLoadedEditorAssemblies (1ms)
				RefreshPlugins (227ms)
				BeforeProcessingInitializeOnLoad (222ms)
				ProcessInitializeOnLoadAttributes (809ms)
				ProcessInitializeOnLoadMethodAttributes (3872ms)
				AfterProcessingInitializeOnLoad (8ms)
				EditorAssembliesLoaded (0ms)
			ExecutionOrderSort2 (0ms)
			AwakeInstancesAfterBackupRestoration (12ms)
Platform modules already initialized, skipping
========================================================================
Worker process is ready to serve import requests
Launched and connected shader compiler UnityShaderCompiler after 0.29 seconds
Refreshing native plugins compatible for Editor in 3.12 ms, found 0 plugins.
Preloading 0 native plugins for Editor in 0.00 ms.
Unloading 4105 Unused Serialized files (Serialized files now loaded: 0)
System memory in use before: 195.4 MB.
System memory in use after: 191.8 MB.

Unloading 33 unused Assets to reduce memory usage. Loaded Objects now: 4541.
Total: 20.643834 ms (FindLiveObjects: 0.585352 ms CreateObjectMapping: 0.505488 ms MarkObjects: 10.379096 ms  DeleteObjects: 9.171768 ms)

AssetImportParameters requested are different than current active one (requested -> active):
  custom:video-decoder-ogg-theora: a1e56fd34408186e4bbccfd4996cb3dc -> 
  custom:container-muxer-webm: aa71ff27fc2769a1b78a27578f13a17b -> 
  custom:container-demuxer-webm: 4f35f7cbe854078d1ac9338744f61a02 -> 
  custom:container-demuxer-ogg: 62fdf1f143b41e24485cea50d1cbac27 -> 
  custom:video-encoder-webm-vp8: eb34c28f22e8b96e1ab97ce403110664 -> 
  custom:video-decoder-webm-vp8: 9c59270c3fd7afecdb556c50c9e8de78 -> 
  custom:audio-decoder-ogg-vorbis: bf7c407c2cedff20999df2af8eb42d56 -> 
  custom:audio-encoder-webm-vorbis: bf7c407c2cedff20999df2af8eb42d56 -> 
========================================================================
Received Import Request.
  path: Assets/New Material 2.mat
  artifactKey: Guid(81ac1d9b5500ae8f38ef2af4dc2b1e4d) Importer(815301076,1909f56bfc062723c751e8b465ee728b)
Start importing Assets/New Material 2.mat using Guid(81ac1d9b5500ae8f38ef2af4dc2b1e4d) Importer(815301076,1909f56bfc062723c751e8b465ee728b) [ScriptCompilation] NOT recompiling all scripts because this is an import worker process. Reason to compile was: Define symbols changed
Unable to compile Default Material based on Lit.shader. Either there is a compile error in Lit.shader or the current platform / API isn't compatible.
UnityEngine.StackTraceUtility:ExtractStackTrace () (at /home/bokken/buildslave/unity/build/Runtime/Export/Scripting/StackTrace.cs:37)
UnityEngine.DebugLogHandler:LogFormat (UnityEngine.LogType,UnityEngine.Object,string,object[])
UnityEngine.Logger:Log (UnityEngine.LogType,object)
UnityEngine.Debug:LogError (object)
UnityEngine.Rendering.HighDefinition.HDUtils:DisplayMessageNotification (string) (at Library/PackageCache/com.unity.render-pipelines.high-definition@10.8.1/Runtime/RenderPipeline/Utility/HDUtils.cs:1146)
UnityEngine.Rendering.HighDefinition.HDRenderPipeline:IsSupportedPlatformAndDevice (UnityEngine.Rendering.GraphicsDeviceType&) (at Library/PackageCache/com.unity.render-pipelines.high-definition@10.8.1/Runtime/RenderPipeline/HDRenderPipeline.cs:967)
UnityEngine.Rendering.HighDefinition.HDRenderPipeline:CheckAPIValidity () (at Library/PackageCache/com.unity.render-pipelines.high-definition@10.8.1/Runtime/RenderPipeline/HDRenderPipeline.cs:943)
UnityEngine.Rendering.HighDefinition.HDRenderPipeline:.ctor (UnityEngine.Rendering.HighDefinition.HDRenderPipelineAsset,UnityEngine.Rendering.HighDefinition.HDRenderPipelineAsset) (at Library/PackageCache/com.unity.render-pipelines.high-definition@10.8.1/Runtime/RenderPipeline/HDRenderPipeline.cs:417)
UnityEngine.Rendering.HighDefinition.HDRenderPipelineAsset:CreatePipeline () (at Library/PackageCache/com.unity.render-pipelines.high-definition@10.8.1/Runtime/RenderPipeline/HDRenderPipelineAsset.cs:44)
UnityEngine.Rendering.RenderPipelineAsset:InternalCreatePipeline () (at /home/bokken/buildslave/unity/build/Runtime/Export/RenderPipeline/RenderPipelineAsset.cs:10)
UnityEngine.Rendering.RenderPipelineManager:PrepareRenderPipeline (UnityEngine.Rendering.RenderPipelineAsset) (at /home/bokken/buildslave/unity/build/Runtime/Export/RenderPipeline/RenderPipelineManager.cs:111)
UnityEngine.Rendering.RenderPipelineManager:DoRenderLoop_Internal (UnityEngine.Rendering.RenderPipelineAsset,intptr,System.Collections.Generic.List`1<UnityEngine.Camera/RenderRequest>,Unity.Collections.LowLevel.Unsafe.AtomicSafetyHandle) (at /home/bokken/buildslave/unity/build/Runtime/Export/RenderPipeline/RenderPipelineManager.cs:75)
UnityEditor.PreviewRenderUtility:Render (bool,bool) (at /home/bokken/buildslave/unity/build/Editor/Mono/Inspector/PreviewRenderUtility.cs:522)
UnityEditor.MaterialEditor:DoRenderPreview (UnityEditor.PreviewRenderUtility,bool) (at /home/bokken/buildslave/unity/build/Editor/Mono/Inspector/MaterialEditor.cs:2133)
UnityEditor.MaterialEditor:RenderStaticPreview (string,UnityEngine.Object[],int,int) (at /home/bokken/buildslave/unity/build/Editor/Mono/Inspector/MaterialEditor.cs:1995)
UnityEditor.AssetPreviewUpdater:CreatePreviewForAsset (UnityEngine.Object,UnityEngine.Object[],string) (at /home/bokken/buildslave/unity/build/Editor/Mono/AssetPreviewUpdater.cs:33)

(Filename: Library/PackageCache/com.unity.render-pipelines.high-definition@10.8.1/Runtime/RenderPipeline/Utility/HDUtils.cs Line: 1146)

Platform StandaloneLinux64 with graphics API OpenGLCore is not supported with HDRP.
Change the platform/device to a compatible one or remove incompatible graphics APIs.
To do this, go to Project Settings > Player > Other Settings and modify the Graphics APIs for Linux list.
UnityEngine.StackTraceUtility:ExtractStackTrace () (at /home/bokken/buildslave/unity/build/Runtime/Export/Scripting/StackTrace.cs:37)
UnityEngine.DebugLogHandler:LogFormat (UnityEngine.LogType,UnityEngine.Object,string,object[])
UnityEngine.Logger:Log (UnityEngine.LogType,object)
UnityEngine.Debug:LogError (object)
UnityEngine.Rendering.HighDefinition.HDUtils:DisplayMessageNotification (string) (at Library/PackageCache/com.unity.render-pipelines.high-definition@10.8.1/Runtime/RenderPipeline/Utility/HDUtils.cs:1146)
UnityEngine.Rendering.HighDefinition.HDRenderPipeline:CheckAPIValidity () (at Library/PackageCache/com.unity.render-pipelines.high-definition@10.8.1/Runtime/RenderPipeline/HDRenderPipeline.cs:946)
UnityEngine.Rendering.HighDefinition.HDRenderPipeline:.ctor (UnityEngine.Rendering.HighDefinition.HDRenderPipelineAsset,UnityEngine.Rendering.HighDefinition.HDRenderPipelineAsset) (at Library/PackageCache/com.unity.render-pipelines.high-definition@10.8.1/Runtime/RenderPipeline/HDRenderPipeline.cs:417)
UnityEngine.Rendering.HighDefinition.HDRenderPipelineAsset:CreatePipeline () (at Library/PackageCache/com.unity.render-pipelines.high-definition@10.8.1/Runtime/RenderPipeline/HDRenderPipelineAsset.cs:44)
UnityEngine.Rendering.RenderPipelineAsset:InternalCreatePipeline () (at /home/bokken/buildslave/unity/build/Runtime/Export/RenderPipeline/RenderPipelineAsset.cs:10)
UnityEngine.Rendering.RenderPipelineManager:PrepareRenderPipeline (UnityEngine.Rendering.RenderPipelineAsset) (at /home/bokken/buildslave/unity/build/Runtime/Export/RenderPipeline/RenderPipelineManager.cs:111)
UnityEngine.Rendering.RenderPipelineManager:DoRenderLoop_Internal (UnityEngine.Rendering.RenderPipelineAsset,intptr,System.Collections.Generic.List`1<UnityEngine.Camera/RenderRequest>,Unity.Collections.LowLevel.Unsafe.AtomicSafetyHandle) (at /home/bokken/buildslave/unity/build/Runtime/Export/RenderPipeline/RenderPipelineManager.cs:75)
UnityEditor.PreviewRenderUtility:Render (bool,bool) (at /home/bokken/buildslave/unity/build/Editor/Mono/Inspector/PreviewRenderUtility.cs:522)
UnityEditor.MaterialEditor:DoRenderPreview (UnityEditor.PreviewRenderUtility,bool) (at /home/bokken/buildslave/unity/build/Editor/Mono/Inspector/MaterialEditor.cs:2133)
UnityEditor.MaterialEditor:RenderStaticPreview (string,UnityEngine.Object[],int,int) (at /home/bokken/buildslave/unity/build/Editor/Mono/Inspector/MaterialEditor.cs:1995)
UnityEditor.AssetPreviewUpdater:CreatePreviewForAsset (UnityEngine.Object,UnityEngine.Object[],string) (at /home/bokken/buildslave/unity/build/Editor/Mono/AssetPreviewUpdater.cs:33)

(Filename: Library/PackageCache/com.unity.render-pipelines.high-definition@10.8.1/Runtime/RenderPipeline/Utility/HDUtils.cs Line: 1146)

 -> (artifact id: '7515b2f34496e02858e74aa77a7e68f4') in 2.149442 seconds 
========================================================================
Received Import Request.
  Time since last request: 0.000321 seconds.
  path: Assets/ThirdPersonController.prefab
  artifactKey: Guid(d11d6cf6f06ed454ea48b60ed9b38774) Importer(815301076,1909f56bfc062723c751e8b465ee728b)
Start importing Assets/ThirdPersonController.prefab using Guid(d11d6cf6f06ed454ea48b60ed9b38774) Importer(815301076,1909f56bfc062723c751e8b465ee728b)  -> (artifact id: '3c493da929b47d5d43ef436c7abab9e1') in 0.991647 seconds 
========================================================================
Received Import Request.
  Time since last request: 0.000437 seconds.
  path: Assets/Meshtint Free Boximon Fiery Mega Toon Series/Demo Assets/Ground.mat
  artifactKey: Guid(4ba3f82f1b51be94d91bf32fe98c15b8) Importer(815301076,1909f56bfc062723c751e8b465ee728b)
Start importing Assets/Meshtint Free Boximon Fiery Mega Toon Series/Demo Assets/Ground.mat using Guid(4ba3f82f1b51be94d91bf32fe98c15b8) Importer(815301076,1909f56bfc062723c751e8b465ee728b)  -> (artifact id: '55906968f39eb4e4bc5dd9fac1086403') in 0.062769 seconds 
========================================================================
Received Import Request.
  Time since last request: 0.000267 seconds.
  path: Assets/New Material 1.mat
  artifactKey: Guid(99b4c84b30ee8bd2a8c7eb10d9128d83) Importer(815301076,1909f56bfc062723c751e8b465ee728b)
Start importing Assets/New Material 1.mat using Guid(99b4c84b30ee8bd2a8c7eb10d9128d83) Importer(815301076,1909f56bfc062723c751e8b465ee728b)  -> (artifact id: '4e201ac1c92a73efa0ec5e3889b8a21a') in 0.042056 seconds 
========================================================================
Received Import Request.
  Time since last request: 0.000581 seconds.
  path: Assets/Meshtint Free Boximon Fiery Mega Toon Series/Demo Assets
  artifactKey: Guid(70b14a539ed9370419bdfcca5445b8e1) Importer(815301076,1909f56bfc062723c751e8b465ee728b)
Start importing Assets/Meshtint Free Boximon Fiery Mega Toon Series/Demo Assets using Guid(70b14a539ed9370419bdfcca5445b8e1) Importer(815301076,1909f56bfc062723c751e8b465ee728b)  -> (artifact id: 'ac8162da05261527906a75d35ce55e4b') in 0.001621 seconds 
========================================================================
Received Import Request.
  Time since last request: 0.000284 seconds.
  path: Assets/Scenes
  artifactKey: Guid(64d709ec161adb41ebcb74b4f529d950) Importer(815301076,1909f56bfc062723c751e8b465ee728b)
Start importing Assets/Scenes using Guid(64d709ec161adb41ebcb74b4f529d950) Importer(815301076,1909f56bfc062723c751e8b465ee728b)  -> (artifact id: '61e4b03c9e9319f858aa425c4e1bb729') in 0.001789 seconds 
========================================================================
Received Import Request.
  Time since last request: 0.000449 seconds.
  path: Assets/Meshtint Free Boximon Fiery Mega Toon Series
  artifactKey: Guid(a665a5259fbd47fe981d8eb60c6ebcdd) Importer(815301076,1909f56bfc062723c751e8b465ee728b)
Start importing Assets/Meshtint Free Boximon Fiery Mega Toon Series using Guid(a665a5259fbd47fe981d8eb60c6ebcdd) Importer(815301076,1909f56bfc062723c751e8b465ee728b)  -> (artifact id: '1cc2fd4fec9ae181f898b632f6dcf306') in 0.001765 seconds 
========================================================================
Received Import Request.
  Time since last request: 0.000334 seconds.
  path: Assets/HDRPDefaultResources
  artifactKey: Guid(499f1fc489d90eb44bff3d5e8f6abf8d) Importer(815301076,1909f56bfc062723c751e8b465ee728b)
Start importing Assets/HDRPDefaultResources using Guid(499f1fc489d90eb44bff3d5e8f6abf8d) Importer(815301076,1909f56bfc062723c751e8b465ee728b)  -> (artifact id: '7b21ef3497c83b339d13c3a13706ebf9') in 0.001831 seconds 
========================================================================
Received Import Request.
  Time since last request: 0.000404 seconds.
  path: Assets/Meshtint Free Boximon Fiery Mega Toon Series/Demo Assets/Boximon.asset
  artifactKey: Guid(11e096b299192624c97d44fa47c066f1) Importer(815301076,1909f56bfc062723c751e8b465ee728b)
Start importing Assets/Meshtint Free Boximon Fiery Mega Toon Series/Demo Assets/Boximon.asset using Guid(11e096b299192624c97d44fa47c066f1) Importer(815301076,1909f56bfc062723c751e8b465ee728b)  -> (artifact id: 'bd586b43929963b1a01075c72ca055a8') in 0.003289 seconds 
========================================================================
Received Import Request.
  Time since last request: 0.000504 seconds.
  path: Assets/New Material.mat
  artifactKey: Guid(2e662cfd0be75f9529c7e3702dc6ef7d) Importer(815301076,1909f56bfc062723c751e8b465ee728b)
Start importing Assets/New Material.mat using Guid(2e662cfd0be75f9529c7e3702dc6ef7d) Importer(815301076,1909f56bfc062723c751e8b465ee728b)  -> (artifact id: '46a6180034bb2c755823fef71d78c728') in 0.033964 seconds 
========================================================================
Received Import Request.
  Time since last request: 0.000539 seconds.
  path: Assets/Meshtint Free Boximon Fiery Mega Toon Series/Demo Assets/Ground.prefab
  artifactKey: Guid(7b120fd576470af4f89cad6c3ec0bcf2) Importer(815301076,1909f56bfc062723c751e8b465ee728b)
Start importing Assets/Meshtint Free Boximon Fiery Mega Toon Series/Demo Assets/Ground.prefab using Guid(7b120fd576470af4f89cad6c3ec0bcf2) Importer(815301076,1909f56bfc062723c751e8b465ee728b)  -> (artifact id: '4904ca0f21d010426875d90f8b6cd934') in 0.042885 seconds 
========================================================================
Received Import Request.
  Time since last request: 0.000309 seconds.
  path: Assets/Meshtint Free Boximon Fiery Mega Toon Series/Materials
  artifactKey: Guid(ae8dbea59d937ce44a290a2c482db323) Importer(815301076,1909f56bfc062723c751e8b465ee728b)
Start importing Assets/Meshtint Free Boximon Fiery Mega Toon Series/Materials using Guid(ae8dbea59d937ce44a290a2c482db323) Importer(815301076,1909f56bfc062723c751e8b465ee728b)  -> (artifact id: '2f2246d1965e70bacf08be918fbd28f2') in 0.003578 seconds 
========================================================================
Received Import Request.
  Time since last request: 0.000282 seconds.
  path: Assets/Meshtint Free Boximon Fiery Mega Toon Series/Materials/Boximon Fiery.mat
  artifactKey: Guid(f1779f0d8b6a05547af012556b3fd93a) Importer(815301076,1909f56bfc062723c751e8b465ee728b)
Start importing Assets/Meshtint Free Boximon Fiery Mega Toon Series/Materials/Boximon Fiery.mat using Guid(f1779f0d8b6a05547af012556b3fd93a) Importer(815301076,1909f56bfc062723c751e8b465ee728b)  -> (artifact id: '55bf4f9cbd9a629c30231f73c2b04eee') in 0.046294 seconds 
========================================================================
Received Import Request.
  Time since last request: 3.741818 seconds.
  path: Assets/Meshtint Free Boximon Fiery Mega Toon Series/Animations
  artifactKey: Guid(11d4a7decf488e243b8c892011a99bbe) Importer(815301076,1909f56bfc062723c751e8b465ee728b)
Start importing Assets/Meshtint Free Boximon Fiery Mega Toon Series/Animations using Guid(11d4a7decf488e243b8c892011a99bbe) Importer(815301076,1909f56bfc062723c751e8b465ee728b)  -> (artifact id: '194ac0523973af3725aba06511ab5599') in 0.002095 seconds 
========================================================================
Received Import Request.
  Time since last request: 0.111392 seconds.
  path: Assets/Meshtint Free Boximon Fiery Mega Toon Series/Animations/Boximon Main Rig.FBX
  artifactKey: Guid(ab49f3cef633f1d4c84f8c46ec6c0b74) Importer(815301076,1909f56bfc062723c751e8b465ee728b)
Start importing Assets/Meshtint Free Boximon Fiery Mega Toon Series/Animations/Boximon Main Rig.FBX using Guid(ab49f3cef633f1d4c84f8c46ec6c0b74) Importer(815301076,1909f56bfc062723c751e8b465ee728b)  -> (artifact id: 'e9c4e9e1487d9d0dcf746a91245d8dfb') in 0.116224 seconds 
========================================================================
Received Import Request.
  Time since last request: 0.000557 seconds.
  path: Assets/Meshtint Free Boximon Fiery Mega Toon Series/Animations/Boximon@Die.FBX
  artifactKey: Guid(3014723763036b442b52f60b16e2aa31) Importer(815301076,1909f56bfc062723c751e8b465ee728b)
Start importing Assets/Meshtint Free Boximon Fiery Mega Toon Series/Animations/Boximon@Die.FBX using Guid(3014723763036b442b52f60b16e2aa31) Importer(815301076,1909f56bfc062723c751e8b465ee728b)  -> (artifact id: 'ca1c2548edc10db4285eeac7cc4d573f') in 0.106248 seconds 
========================================================================
Received Import Request.
  Time since last request: 0.000524 seconds.
  path: Assets/Meshtint Free Boximon Fiery Mega Toon Series/Animations/Boximon@Idle.FBX
  artifactKey: Guid(4cad842dbf772894698e9a0bbaf5acef) Importer(815301076,1909f56bfc062723c751e8b465ee728b)
Start importing Assets/Meshtint Free Boximon Fiery Mega Toon Series/Animations/Boximon@Idle.FBX using Guid(4cad842dbf772894698e9a0bbaf5acef) Importer(815301076,1909f56bfc062723c751e8b465ee728b)  -> (artifact id: '9f7dc58c00d874399d4a4f39b1703c22') in 0.105081 seconds 
========================================================================
Received Import Request.
  Time since last request: 0.000329 seconds.
  path: Assets/Meshtint Free Boximon Fiery Mega Toon Series/Animations/Boximon@Run Forward In Place.FBX
  artifactKey: Guid(0a026a54761c6204b960b910343af0b3) Importer(815301076,1909f56bfc062723c751e8b465ee728b)
Start importing Assets/Meshtint Free Boximon Fiery Mega Toon Series/Animations/Boximon@Run Forward In Place.FBX using Guid(0a026a54761c6204b960b910343af0b3) Importer(815301076,1909f56bfc062723c751e8b465ee728b)  -> (artifact id: '72c308b85aac08b120f7119e67d01355') in 0.109715 seconds 
========================================================================
Received Import Request.
  Time since last request: 0.000334 seconds.
  path: Assets/Meshtint Free Boximon Fiery Mega Toon Series/Animations/Boximon@Walk Forward W Root.FBX
  artifactKey: Guid(b016c47471710bb4896910cfd5674a8f) Importer(815301076,1909f56bfc062723c751e8b465ee728b)
Start importing Assets/Meshtint Free Boximon Fiery Mega Toon Series/Animations/Boximon@Walk Forward W Root.FBX using Guid(b016c47471710bb4896910cfd5674a8f) Importer(815301076,1909f56bfc062723c751e8b465ee728b)  -> (artifact id: '39f1a3a69dfe4198564aeecb62240a52') in 0.111807 seconds 
========================================================================
Received Import Request.
  Time since last request: 0.000279 seconds.
  path: Assets/Meshtint Free Boximon Fiery Mega Toon Series/Animations/Boximon@Run Forward W Root.FBX
  artifactKey: Guid(b061ae134f6f1184eafbd5a4797f1571) Importer(815301076,1909f56bfc062723c751e8b465ee728b)
Start importing Assets/Meshtint Free Boximon Fiery Mega Toon Series/Animations/Boximon@Run Forward W Root.FBX using Guid(b061ae134f6f1184eafbd5a4797f1571) Importer(815301076,1909f56bfc062723c751e8b465ee728b)  -> (artifact id: '48172e3b43af22ad156dba6a7e9eedf6') in 0.080060 seconds 
========================================================================
Received Import Request.
  Time since last request: 0.000277 seconds.
  path: Assets/Meshtint Free Boximon Fiery Mega Toon Series/Animations/Boximon@Take Damage.FBX
  artifactKey: Guid(18abc2beedf0b4a499d3f8f43782198e) Importer(815301076,1909f56bfc062723c751e8b465ee728b)
Start importing Assets/Meshtint Free Boximon Fiery Mega Toon Series/Animations/Boximon@Take Damage.FBX using Guid(18abc2beedf0b4a499d3f8f43782198e) Importer(815301076,1909f56bfc062723c751e8b465ee728b)  -> (artifact id: 'c42e6d7c7d3cea4e2aa06b2c665de852') in 0.083236 seconds 
========================================================================
Received Import Request.
  Time since last request: 0.000473 seconds.
  path: Assets/Meshtint Free Boximon Fiery Mega Toon Series/Animations/Boximon@Jump W Root.FBX
  artifactKey: Guid(ff0e4d52b383a234ba466e17fa99c433) Importer(815301076,1909f56bfc062723c751e8b465ee728b)
Start importing Assets/Meshtint Free Boximon Fiery Mega Toon Series/Animations/Boximon@Jump W Root.FBX using Guid(ff0e4d52b383a234ba466e17fa99c433) Importer(815301076,1909f56bfc062723c751e8b465ee728b)  -> (artifact id: '7bcb300671c8b17cf716fb7ed954f89e') in 0.110855 seconds 
========================================================================
Received Import Request.
  Time since last request: 0.000426 seconds.
  path: Assets/Meshtint Free Boximon Fiery Mega Toon Series/Animations/Boximon@Walk Forward In Place.FBX
  artifactKey: Guid(29aefb5f354ef414099d5d72f4702cf7) Importer(815301076,1909f56bfc062723c751e8b465ee728b)
Start importing Assets/Meshtint Free Boximon Fiery Mega Toon Series/Animations/Boximon@Walk Forward In Place.FBX using Guid(29aefb5f354ef414099d5d72f4702cf7) Importer(815301076,1909f56bfc062723c751e8b465ee728b)  -> (artifact id: '18c063b2b8c5fc957b8715418dcb0986') in 0.086014 seconds 
========================================================================
Received Import Request.
  Time since last request: 24.122674 seconds.
  path: Assets/Scenes/Map (1).unity
  artifactKey: Guid(a9ed610b09fca8550a7af86aa8253f02) Importer(815301076,1909f56bfc062723c751e8b465ee728b)
Start importing Assets/Scenes/Map (1).unity using Guid(a9ed610b09fca8550a7af86aa8253f02) Importer(815301076,1909f56bfc062723c751e8b465ee728b)  -> (artifact id: 'f970b84ce0bf0440b4b31d1b5ca92c29') in 0.003430 seconds 
========================================================================
Received Import Request.
  Time since last request: 102.098183 seconds.
  path: Assets/Scenes/Map (3) 1.unity
  artifactKey: Guid(2fb4ea325b6083f458a24806b3a2a79b) Importer(815301076,1909f56bfc062723c751e8b465ee728b)
Start importing Assets/Scenes/Map (3) 1.unity using Guid(2fb4ea325b6083f458a24806b3a2a79b) Importer(815301076,1909f56bfc062723c751e8b465ee728b)  -> (artifact id: '9b7a0c7603a62cc2f7c186bf8cec09c6') in 0.004929 seconds 
========================================================================
Received Import Request.
  Time since last request: 0.785336 seconds.
  path: Assets/Scenes/Map (3).unity
  artifactKey: Guid(a2a80e75bfd7fd6969d516ab7e8e981b) Importer(815301076,1909f56bfc062723c751e8b465ee728b)
Start importing Assets/Scenes/Map (3).unity using Guid(a2a80e75bfd7fd6969d516ab7e8e981b) Importer(815301076,1909f56bfc062723c751e8b465ee728b)  -> (artifact id: '6e4a114a4e12ed2a53e2dff4882ed6f9') in 0.057559 seconds 
========================================================================
Received Prepare
Registering precompiled user dll's ...
Registered in 0.159915 seconds.
Begin MonoManager ReloadAssembly
Native extension for LinuxStandalone target not found
Native extension for WindowsStandalone target not found
Refreshing native plugins compatible for Editor in 1.74 ms, found 0 plugins.
Preloading 0 native plugins for Editor in 0.00 ms.
Mono: successfully reloaded assembly
- Completed reload, in  7.849 seconds
Domain Reload Profiling:
	ReloadAssembly (7850ms)
		BeginReloadAssembly (2308ms)
			ExecutionOrderSort (0ms)
			DisableScriptedObjects (172ms)
			BackupInstance (0ms)
			ReleaseScriptingObjects (0ms)
			CreateAndSetChildDomain (153ms)
		EndReloadAssembly (5410ms)
			LoadAssemblies (3008ms)
			RebuildTransferFunctionScriptingTraits (0ms)
			SetupTypeCache (969ms)
			ReleaseScriptCaches (3ms)
			RebuildScriptCaches (189ms)
			SetupLoadedEditorAssemblies (1895ms)
				LogAssemblyErrors (0ms)
				InitializePlatformSupportModulesInManaged (12ms)
				SetLoadedEditorAssemblies (1ms)
				RefreshPlugins (2ms)
				BeforeProcessingInitializeOnLoad (296ms)
				ProcessInitializeOnLoadAttributes (1416ms)
				ProcessInitializeOnLoadMethodAttributes (157ms)
				AfterProcessingInitializeOnLoad (12ms)
				EditorAssembliesLoaded (0ms)
			ExecutionOrderSort2 (0ms)
			AwakeInstancesAfterBackupRestoration (19ms)
Platform modules already initialized, skipping
Refreshing native plugins compatible for Editor in 1.93 ms, found 0 plugins.
Preloading 0 native plugins for Editor in 0.00 ms.
Unloading 3794 Unused Serialized files (Serialized files now loaded: 0)
System memory in use before: 189.4 MB.
System memory in use after: 186.1 MB.

Unloading 24 unused Assets to reduce memory usage. Loaded Objects now: 4620.
Total: 23.166602 ms (FindLiveObjects: 0.565344 ms CreateObjectMapping: 0.455896 ms MarkObjects: 12.036615 ms  DeleteObjects: 10.104900 ms)

AssetImportParameters requested are different than current active one (requested -> active):
  custom:video-decoder-ogg-theora: a1e56fd34408186e4bbccfd4996cb3dc -> 
  custom:container-muxer-webm: aa71ff27fc2769a1b78a27578f13a17b -> 
  custom:container-demuxer-webm: 4f35f7cbe854078d1ac9338744f61a02 -> 
  custom:container-demuxer-ogg: 62fdf1f143b41e24485cea50d1cbac27 -> 
  custom:video-encoder-webm-vp8: eb34c28f22e8b96e1ab97ce403110664 -> 
  custom:video-decoder-webm-vp8: 9c59270c3fd7afecdb556c50c9e8de78 -> 
  custom:audio-decoder-ogg-vorbis: bf7c407c2cedff20999df2af8eb42d56 -> 
  custom:audio-encoder-webm-vorbis: bf7c407c2cedff20999df2af8eb42d56 -> 
========================================================================
Received Prepare
Refreshing native plugins compatible for Editor in 181.08 ms, found 0 plugins.
Preloading 0 native plugins for Editor in 0.00 ms.
Unloading 22 Unused Serialized files (Serialized files now loaded: 0)
System memory in use before: 113.5 MB.
System memory in use after: 110.3 MB.

Unloading 22 unused Assets to reduce memory usage. Loaded Objects now: 4620.
Total: 17.721008 ms (FindLiveObjects: 0.714206 ms CreateObjectMapping: 0.561748 ms MarkObjects: 10.661065 ms  DeleteObjects: 5.781579 ms)

AssetImportParameters requested are different than current active one (requested -> active):
  custom:video-decoder-ogg-theora: a1e56fd34408186e4bbccfd4996cb3dc -> 
  custom:container-muxer-webm: aa71ff27fc2769a1b78a27578f13a17b -> 
  custom:container-demuxer-webm: 4f35f7cbe854078d1ac9338744f61a02 -> 
  custom:container-demuxer-ogg: 62fdf1f143b41e24485cea50d1cbac27 -> 
  custom:video-encoder-webm-vp8: eb34c28f22e8b96e1ab97ce403110664 -> 
  custom:video-decoder-webm-vp8: 9c59270c3fd7afecdb556c50c9e8de78 -> 
  custom:audio-decoder-ogg-vorbis: bf7c407c2cedff20999df2af8eb42d56 -> 
  custom:audio-encoder-webm-vorbis: bf7c407c2cedff20999df2af8eb42d56 -> 
========================================================================
Received Prepare
Registering precompiled user dll's ...
Registered in 0.006804 seconds.
Begin MonoManager ReloadAssembly
Native extension for LinuxStandalone target not found
Native extension for WindowsStandalone target not found
Refreshing native plugins compatible for Editor in 2.89 ms, found 0 plugins.
Preloading 0 native plugins for Editor in 0.00 ms.
Mono: successfully reloaded assembly
- Completed reload, in  9.932 seconds
Domain Reload Profiling:
	ReloadAssembly (10108ms)
		BeginReloadAssembly (3040ms)
			ExecutionOrderSort (18ms)
			DisableScriptedObjects (88ms)
			BackupInstance (0ms)
			ReleaseScriptingObjects (0ms)
			CreateAndSetChildDomain (625ms)
		EndReloadAssembly (6561ms)
			LoadAssemblies (2814ms)
			RebuildTransferFunctionScriptingTraits (44ms)
			SetupTypeCache (1151ms)
			ReleaseScriptCaches (4ms)
			RebuildScriptCaches (156ms)
			SetupLoadedEditorAssemblies (2755ms)
				LogAssemblyErrors (0ms)
				InitializePlatformSupportModulesInManaged (60ms)
				SetLoadedEditorAssemblies (33ms)
				RefreshPlugins (17ms)
				BeforeProcessingInitializeOnLoad (665ms)
				ProcessInitializeOnLoadAttributes (1791ms)
				ProcessInitializeOnLoadMethodAttributes (181ms)
				AfterProcessingInitializeOnLoad (9ms)
				EditorAssembliesLoaded (0ms)
			ExecutionOrderSort2 (0ms)
			AwakeInstancesAfterBackupRestoration (187ms)
Platform modules already initialized, skipping
Refreshing native plugins compatible for Editor in 1.76 ms, found 0 plugins.
Preloading 0 native plugins for Editor in 0.00 ms.
Unloading 3777 Unused Serialized files (Serialized files now loaded: 0)
System memory in use before: 188.5 MB.
System memory in use after: 185.3 MB.

Unloading 24 unused Assets to reduce memory usage. Loaded Objects now: 4624.
Total: 144.020416 ms (FindLiveObjects: 25.365447 ms CreateObjectMapping: 0.504521 ms MarkObjects: 107.121834 ms  DeleteObjects: 11.025560 ms)

AssetImportParameters requested are different than current active one (requested -> active):
  custom:video-decoder-ogg-theora: a1e56fd34408186e4bbccfd4996cb3dc -> 
  custom:container-muxer-webm: aa71ff27fc2769a1b78a27578f13a17b -> 
  custom:container-demuxer-webm: 4f35f7cbe854078d1ac9338744f61a02 -> 
  custom:container-demuxer-ogg: 62fdf1f143b41e24485cea50d1cbac27 -> 
  custom:video-encoder-webm-vp8: eb34c28f22e8b96e1ab97ce403110664 -> 
  custom:video-decoder-webm-vp8: 9c59270c3fd7afecdb556c50c9e8de78 -> 
  custom:audio-decoder-ogg-vorbis: bf7c407c2cedff20999df2af8eb42d56 -> 
  custom:audio-encoder-webm-vorbis: bf7c407c2cedff20999df2af8eb42d56 -> 
AssetImportWorkerClient::OnTransportError - code=2 error=End of file
